<?xml version="1.0" encoding="UTF-8"?>
<testng-results ignored="0" total="1" passed="1" failed="0" skipped="0">
  <reporter-output>
  </reporter-output>
  <suite started-at="2025-01-06T12:31:50 EST" name="Default suite" finished-at="2025-01-06T12:31:51 EST" duration-ms="879">
    <groups>
    </groups>
    <test started-at="2025-01-06T12:31:50 EST" name="Default test" finished-at="2025-01-06T12:31:51 EST" duration-ms="879">
      <class name="GitAndRest.RestAssured2025.ComplexJsonParse">
        <test-method signature="complexJsonTest()[pri:0, instance:GitAndRest.RestAssured2025.ComplexJsonParse@5d0a1059]" started-at="2025-01-06T12:31:50 EST" name="complexJsonTest" finished-at="2025-01-06T12:31:51 EST" duration-ms="850" status="PASS">
          <reporter-output>
          </reporter-output>
        </test-method> <!-- complexJsonTest -->
      </class> <!-- GitAndRest.RestAssured2025.ComplexJsonParse -->
    </test> <!-- Default test -->
  </suite> <!-- Default suite -->
</testng-results>
